RTP_SERVE,2022-11-14T15:04:21.353095,Open:127.0.0.1
RTP_SERVE,2022-11-14T15:04:21.366263,Recv:IsAlive?;
RTP_SERVE,2022-11-14T15:04:21.366414,Send:Yes.
RTP_SERVE,2022-11-14T15:04:21.368664,Recv:GET_STATE;
RTP_SERVE,2022-11-14T15:04:22.424755,Send:cmd_loop
RTP_SERVE,2022-11-14T15:04:22.514666,Recv:SET_LOGDIR /data/rt/LA-NF_E18691/log;PREP_Rest;encoded binary data
RTP_SERVE,2022-11-14T15:04:22.644691,Send:PREPED;
RTP_SERVE,2022-11-14T15:04:26.531753,Recv:IsAlive?;
RTP_SERVE,2022-11-14T15:04:26.571708,Send:Yes.
RTP_SERVE,2022-11-14T15:04:26.624885,Recv:READY;
RTP_SERVE,2022-11-14T15:04:26.647275,Send:READY;
RTP_SERVE,2022-11-14T15:04:35.016579,Recv:SCAN_START 2022-11-14T15:04:34.998741;
RTP_SERVE,2022-11-14T15:08:44.786284,Recv:IsAlive?;
RTP_SERVE,2022-11-14T15:08:44.822152,Send:Yes.
RTP_SERVE,2022-11-14T15:08:44.875914,Recv:END;
RTP_SERVE,2022-11-14T15:08:44.925163,Send:END_SESSION;
RTP_SERVE,2022-11-14T15:08:44.938979,Recv:IsAlive?;
RTP_SERVE,2022-11-14T15:08:44.939102,Send:Yes.
RTP_SERVE,2022-11-14T15:08:44.946452,Recv:END;
RTP_SERVE,2022-11-14T15:08:44.946582,Send:END_SESSION;
RTP_SERVE,2022-11-14T15:08:52.742219,Recv:IsAlive?;
RTP_SERVE,2022-11-14T15:08:52.792342,Send:Yes.
RTP_SERVE,2022-11-14T15:08:52.882431,Recv:GET_STATE;
RTP_SERVE,2022-11-14T15:08:52.948686,Send:cmd_loop
RTP_SERVE,2022-11-14T15:08:53.027870,Recv:SET_LOGDIR /data/rt/LA-NF_E18691/log;PREP_Task;encoded binary data
RTP_SERVE,2022-11-14T15:08:53.186097,Send:PREPED;
RTP_SERVE,2022-11-14T15:09:38.659424,Recv:IsAlive?;
RTP_SERVE,2022-11-14T15:09:38.704004,Send:Yes.
RTP_SERVE,2022-11-14T15:09:38.759376,Recv:READY;
RTP_SERVE,2022-11-14T15:09:38.800157,Send:READY;
RTP_SERVE,2022-11-14T15:09:44.543530,Recv:SCAN_START 2022-11-14T15:09:44.519444;
RTP_SERVE,2022-11-14T15:10:45.450424,Recv:NF 60.8897,3,0.004426;
RTP_SERVE,2022-11-14T15:10:45.611682,Recv:NF 61.0529,4,-0.000891;
RTP_SERVE,2022-11-14T15:10:45.682384,Recv:NF 61.1238,5,-0.018712;
RTP_SERVE,2022-11-14T15:10:45.743046,Recv:NF 61.1806,6,-0.020507;
RTP_SERVE,2022-11-14T15:10:45.823820,Recv:NF 61.2505,7,0.044008;
RTP_SERVE,2022-11-14T15:10:45.894506,Recv:NF 61.3128,8,0.003819;
RTP_SERVE,2022-11-14T15:10:45.955170,Recv:NF 61.3823,9,0.016551;
RTP_SERVE,2022-11-14T15:10:46.025903,Recv:NF 61.4369,10,-0.041945;
RTP_SERVE,2022-11-14T15:10:46.126697,Recv:NF 61.5014,11,-0.025048;;NF 61.5605,12,0.001888;
RTP_SERVE,2022-11-14T15:10:46.197427,Recv:NF 61.6190,13,0.010340;
RTP_SERVE,2022-11-14T15:10:46.258085,Recv:NF 61.6697,14,0.010296;
RTP_SERVE,2022-11-14T15:10:46.348869,Recv:NF 61.7428,15,-0.034512;
RTP_SERVE,2022-11-14T15:10:46.449889,Recv:NF 61.8223,16,-0.036372;;NF 61.8836,17,0.034221;
RTP_SERVE,2022-11-14T15:10:46.510562,Recv:NF 61.9438,18,0.085114;
RTP_SERVE,2022-11-14T15:10:46.581285,Recv:NF 62.0088,19,0.053255;
RTP_SERVE,2022-11-14T15:10:46.641950,Recv:NF 62.0672,20,0.003721;
RTP_SERVE,2022-11-14T15:10:46.752847,Recv:NF 62.1382,21,-0.004876;;NF 62.1979,22,-0.085254;
RTP_SERVE,2022-11-14T15:10:46.813519,Recv:NF 62.2601,23,-0.006608;
RTP_SERVE,2022-11-14T15:10:46.886396,Recv:NF 62.3337,24,-0.003943;
RTP_SERVE,2022-11-14T15:10:46.967161,Recv:NF 62.4005,25,0.019926;
RTP_SERVE,2022-11-14T15:10:47.035050,Recv:NF 62.4600,26,0.021731;
RTP_SERVE,2022-11-14T15:10:47.043277,Recv:NF 62.5216,27,-0.037297;
RTP_SERVE,2022-11-14T15:10:47.122483,Recv:NF 62.5940,28,0.006242;
RTP_SERVE,2022-11-14T15:10:47.629459,Recv:NF 63.0728,29,-0.029322;
RTP_SERVE,2022-11-14T15:10:48.109631,Recv:NF 63.5574,30,0.023222;
RTP_SERVE,2022-11-14T15:10:49.068315,Recv:NF 64.5148,31,-0.016276;
RTP_SERVE,2022-11-14T15:10:51.009317,Recv:NF 66.4526,32,0.038452;
RTP_SERVE,2022-11-14T15:10:52.987901,Recv:NF 68.4334,33,-0.023739;
RTP_SERVE,2022-11-14T15:10:55.059598,Recv:NF 70.5060,34,-0.038268;
RTP_SERVE,2022-11-14T15:10:57.004192,Recv:NF 72.4495,35,-0.039954;
RTP_SERVE,2022-11-14T15:10:58.979127,Recv:NF 74.4255,36,0.030689;
RTP_SERVE,2022-11-14T15:11:01.037804,Recv:NF 76.4810,37,-0.184190;
RTP_SERVE,2022-11-14T15:11:03.025992,Recv:NF 78.4719,38,-0.079671;
RTP_SERVE,2022-11-14T15:11:05.006029,Recv:NF 80.4656,39,0.020981;
RTP_SERVE,2022-11-14T15:11:07.040775,Recv:NF 82.4851,40,0.286495;
RTP_SERVE,2022-11-14T15:11:09.044467,Recv:NF 84.4791,41,0.044273;
RTP_SERVE,2022-11-14T15:11:11.021526,Recv:NF 86.4721,42,0.018288;
RTP_SERVE,2022-11-14T15:11:13.075197,Recv:NF 88.5169,43,0.004140;
RTP_SERVE,2022-11-14T15:11:14.998835,Recv:NF 90.4436,44,-0.068388;
RTP_SERVE,2022-11-14T15:11:17.062421,Recv:NF 92.4946,45,-0.197214;
RTP_SERVE,2022-11-14T15:11:18.995679,Recv:NF 94.4390,46,-0.139079;
RTP_SERVE,2022-11-14T15:11:21.059306,Recv:NF 96.5053,47,0.010283;
RTP_SERVE,2022-11-14T15:11:23.032715,Recv:NF 98.4732,48,-0.035365;
RTP_SERVE,2022-11-14T15:11:24.905971,Recv:NF 100.3540,49,0.006946;
RTP_SERVE,2022-11-14T15:11:27.029916,Recv:NF 102.4800,50,-0.116825;
RTP_SERVE,2022-11-14T15:11:29.013528,Recv:NF 104.4515,51,-0.059587;
RTP_SERVE,2022-11-14T15:11:30.997086,Recv:NF 106.4415,52,-0.135029;
RTP_SERVE,2022-11-14T15:11:32.970720,Recv:NF 108.4135,53,-0.092011;
RTP_SERVE,2022-11-14T15:11:35.014496,Recv:NF 110.4624,54,-0.218257;
RTP_SERVE,2022-11-14T15:11:37.038083,Recv:NF 112.4845,55,-0.103246;
RTP_SERVE,2022-11-14T15:11:38.961447,Recv:NF 114.4190,56,-0.149596;
RTP_SERVE,2022-11-14T15:11:40.975149,Recv:NF 116.4181,57,-0.042891;
RTP_SERVE,2022-11-14T15:11:43.008699,Recv:NF 118.4512,58,0.014120;
RTP_SERVE,2022-11-14T15:11:45.012147,Recv:NF 120.4562,59,-0.048828;
RTP_SERVE,2022-11-14T15:11:47.085756,Recv:NF 122.5370,60,0.039386;
RTP_SERVE,2022-11-14T15:11:49.019100,Recv:NF 124.4685,61,0.193514;
RTP_SERVE,2022-11-14T15:11:50.981462,Recv:NF 126.4334,62,-0.097520;
RTP_SERVE,2022-11-14T15:11:53.030167,Recv:NF 128.4849,63,-0.103657;
RTP_SERVE,2022-11-14T15:11:55.008681,Recv:NF 130.4560,64,-0.121266;
RTP_SERVE,2022-11-14T15:11:56.982355,Recv:NF 132.4353,65,-0.022431;
RTP_SERVE,2022-11-14T15:11:59.036084,Recv:NF 134.4824,66,-0.145457;
RTP_SERVE,2022-11-14T15:12:01.009446,Recv:NF 136.4542,67,-0.078155;
RTP_SERVE,2022-11-14T15:12:03.043004,Recv:NF 138.4933,68,-0.330328;
RTP_SERVE,2022-11-14T15:12:04.996363,Recv:NF 140.4445,69,-0.119959;
RTP_SERVE,2022-11-14T15:12:07.049938,Recv:NF 142.4967,70,-0.010648;
RTP_SERVE,2022-11-14T15:12:09.018270,Recv:NF 144.4690,71,-0.590110;
RTP_SERVE,2022-11-14T15:12:11.006854,Recv:NF 146.4485,72,-0.207902;
RTP_SERVE,2022-11-14T15:12:13.040467,Recv:NF 148.4840,73,-0.035607;
RTP_SERVE,2022-11-14T15:12:14.993903,Recv:NF 150.4406,74,0.076898;
RTP_SERVE,2022-11-14T15:12:17.087528,Recv:NF 152.5306,75,-0.032699;
RTP_SERVE,2022-11-14T15:12:19.111074,Recv:NF 154.5624,76,0.152333;
RTP_SERVE,2022-11-14T15:12:21.034465,Recv:NF 156.4759,77,-0.107025;
RTP_SERVE,2022-11-14T15:12:22.997847,Recv:NF 158.4441,78,0.151283;
RTP_SERVE,2022-11-14T15:12:25.011270,Recv:NF 160.4542,79,0.041964;
RTP_SERVE,2022-11-14T15:12:27.034746,Recv:NF 162.4832,80,-0.139289;
RTP_SERVE,2022-11-14T15:12:29.038180,Recv:NF 164.4896,81,-0.120867;
RTP_SERVE,2022-11-14T15:12:31.013107,Recv:NF 166.4603,82,-0.154197;
RTP_SERVE,2022-11-14T15:12:33.041432,Recv:NF 168.4894,83,0.094286;
RTP_SERVE,2022-11-14T15:12:35.030784,Recv:NF 170.4742,84,0.214252;
RTP_SERVE,2022-11-14T15:12:37.068193,Recv:NF 172.5127,85,0.186989;
RTP_SERVE,2022-11-14T15:12:38.976050,Recv:NF 174.4209,86,0.067505;
RTP_SERVE,2022-11-14T15:12:40.978134,Recv:NF 176.4173,87,0.082271;
RTP_SERVE,2022-11-14T15:12:43.035139,Recv:NF 178.4885,88,-0.369029;
RTP_SERVE,2022-11-14T15:12:45.058261,Recv:NF 180.5147,89,0.151154;
RTP_SERVE,2022-11-14T15:12:47.046361,Recv:NF 182.4992,90,0.241200;
RTP_SERVE,2022-11-14T15:12:49.041329,Recv:NF 184.4925,91,0.128317;
RTP_SERVE,2022-11-14T15:12:51.030028,Recv:NF 186.4872,92,-0.054260;
RTP_SERVE,2022-11-14T15:12:53.054034,Recv:NF 188.4993,93,-0.092828;
RTP_SERVE,2022-11-14T15:12:55.070067,Recv:NF 190.5250,94,0.107424;
RTP_SERVE,2022-11-14T15:12:56.978086,Recv:NF 192.4284,95,0.097651;
RTP_SERVE,2022-11-14T15:12:59.006825,Recv:NF 194.4526,96,0.104008;
RTP_SERVE,2022-11-14T15:13:01.021523,Recv:NF 196.4671,97,0.158504;
RTP_SERVE,2022-11-14T15:13:03.030051,Recv:NF 198.4770,98,-0.048384;
RTP_SERVE,2022-11-14T15:13:04.984954,Recv:NF 200.4342,99,-0.291698;
RTP_SERVE,2022-11-14T15:13:07.061765,Recv:NF 202.5143,100,0.072472;
RTP_SERVE,2022-11-14T15:13:08.976642,Recv:NF 204.4251,101,0.375878;
RTP_SERVE,2022-11-14T15:13:11.061973,Recv:NF 206.5008,102,0.105186;
RTP_SERVE,2022-11-14T15:13:13.026873,Recv:NF 208.4825,103,0.062678;
RTP_SERVE,2022-11-14T15:13:14.969787,Recv:NF 210.4164,104,0.006855;
RTP_SERVE,2022-11-14T15:13:17.093683,Recv:NF 212.5290,105,-0.361283;
RTP_SERVE,2022-11-14T15:13:18.997145,Recv:NF 214.4440,106,-0.150656;
RTP_SERVE,2022-11-14T15:13:21.000973,Recv:NF 216.4439,107,0.055277;
RTP_SERVE,2022-11-14T15:13:22.994840,Recv:NF 218.4377,108,0.092635;
RTP_SERVE,2022-11-14T15:13:25.028684,Recv:NF 220.4627,109,-0.028309;
RTP_SERVE,2022-11-14T15:13:27.062353,Recv:NF 222.5039,110,-0.023885;
RTP_SERVE,2022-11-14T15:13:29.025987,Recv:NF 224.4681,111,-0.055331;
RTP_SERVE,2022-11-14T15:13:30.989660,Recv:NF 226.4363,112,-0.091461;
RTP_SERVE,2022-11-14T15:13:32.933307,Recv:NF 228.3781,113,0.055216;
RTP_SERVE,2022-11-14T15:13:34.997797,Recv:NF 230.4440,114,0.017443;
RTP_SERVE,2022-11-14T15:13:37.061603,Recv:NF 232.5150,115,0.137003;
RTP_SERVE,2022-11-14T15:13:39.044945,Recv:NF 234.4876,116,-0.064511;
RTP_SERVE,2022-11-14T15:13:41.068363,Recv:NF 236.5091,117,-0.119985;
RTP_SERVE,2022-11-14T15:13:43.091931,Recv:NF 238.5338,118,-0.081458;
RTP_SERVE,2022-11-14T15:13:45.115387,Recv:NF 240.5561,119,-0.072921;
RTP_SERVE,2022-11-14T15:13:47.018777,Recv:NF 242.4571,120,0.128480;
RTP_SERVE,2022-11-14T15:13:49.012838,Recv:NF 244.4582,121,0.048128;
RTP_SERVE,2022-11-14T15:13:50.870219,Recv:NF 246.3345,122,0.369438;
RTP_SERVE,2022-11-14T15:13:53.029777,Recv:NF 248.4746,123,-0.083155;
RTP_SERVE,2022-11-14T15:13:55.003743,Recv:NF 250.4534,124,-0.114632;
RTP_SERVE,2022-11-14T15:13:56.947882,Recv:NF 252.3963,125,-0.060226;
RTP_SERVE,2022-11-14T15:13:58.981952,Recv:NF 254.4259,126,0.092880;
RTP_SERVE,2022-11-14T15:14:01.066159,Recv:NF 256.5119,127,0.177782;
RTP_SERVE,2022-11-14T15:14:02.949650,Recv:NF 258.4063,128,0.025315;
RTP_SERVE,2022-11-14T15:14:04.933680,Recv:NF 260.3899,129,0.124318;
RTP_SERVE,2022-11-14T15:14:06.967225,Recv:NF 262.4097,130,0.297580;
RTP_SERVE,2022-11-14T15:14:08.950658,Recv:NF 264.4017,131,-0.234523;
RTP_SERVE,2022-11-14T15:14:10.954176,Recv:NF 266.4018,132,0.147050;
RTP_SERVE,2022-11-14T15:14:12.977714,Recv:NF 268.4351,133,-0.110337;
RTP_SERVE,2022-11-14T15:14:15.031324,Recv:NF 270.4749,134,-0.018875;
RTP_SERVE,2022-11-14T15:14:17.044871,Recv:NF 272.4928,135,0.235149;
RTP_SERVE,2022-11-14T15:14:18.943395,Recv:NF 274.3956,136,0.047664;
RTP_SERVE,2022-11-14T15:14:21.002842,Recv:NF 276.4519,137,0.041662;
RTP_SERVE,2022-11-14T15:14:23.087137,Recv:NF 278.5218,138,-0.030815;
RTP_SERVE,2022-11-14T15:14:24.950475,Recv:NF 280.3884,139,0.044534;
RTP_SERVE,2022-11-14T15:14:27.044460,Recv:NF 282.4851,140,-0.006837;
RTP_SERVE,2022-11-14T15:14:28.968332,Recv:NF 284.4222,141,0.142190;
RTP_SERVE,2022-11-14T15:14:31.003405,Recv:NF 286.4470,142,0.001390;
RTP_SERVE,2022-11-14T15:14:32.941661,Recv:NF 288.4007,143,-0.142647;
RTP_SERVE,2022-11-14T15:14:34.911042,Recv:NF 290.3455,144,-0.302240;
RTP_SERVE,2022-11-14T15:14:37.059212,Recv:NF 292.5026,145,-0.162850;
RTP_SERVE,2022-11-14T15:14:39.053379,Recv:NF 294.5081,146,0.129100;
RTP_SERVE,2022-11-14T15:14:40.958276,Recv:NF 296.4071,147,-0.396199;
RTP_SERVE,2022-11-14T15:14:42.953281,Recv:NF 298.3945,148,-0.311905;
RTP_SERVE,2022-11-14T15:14:44.948856,Recv:NF 300.3990,149,-0.252750;
RTP_SERVE,2022-11-14T15:14:47.010498,Recv:NF 302.4519,150,0.201725;
RTP_SERVE,2022-11-14T15:14:48.988426,Recv:NF 304.4303,151,-0.076870;
RTP_SERVE,2022-11-14T15:14:51.048617,Recv:NF 306.4905,152,-0.076691;
RTP_SERVE,2022-11-14T15:14:53.044927,Recv:NF 308.4906,153,0.100992;
RTP_SERVE,2022-11-14T15:14:55.071725,Recv:NF 310.5222,154,-0.078293;
RTP_SERVE,2022-11-14T15:14:57.054993,Recv:NF 312.5015,155,-0.072219;
RTP_SERVE,2022-11-14T15:14:59.019866,Recv:NF 314.4644,156,-0.144134;
RTP_SERVE,2022-11-14T15:15:01.101934,Recv:NF 316.5521,157,0.111841;
RTP_SERVE,2022-11-14T15:15:03.100183,Recv:NF 318.5501,158,-0.079646;
RTP_SERVE,2022-11-14T15:15:05.050942,Recv:NF 320.4934,159,-0.319810;
RTP_SERVE,2022-11-14T15:15:07.098699,Recv:NF 322.5446,160,-0.252275;
RTP_SERVE,2022-11-14T15:15:09.021557,Recv:NF 324.4762,161,0.120837;
RTP_SERVE,2022-11-14T15:15:11.022266,Recv:NF 326.4724,162,-0.118270;
RTP_SERVE,2022-11-14T15:15:13.045839,Recv:NF 328.4896,163,-0.001882;
RTP_SERVE,2022-11-14T15:15:15.049401,Recv:NF 330.5045,164,0.040795;
RTP_SERVE,2022-11-14T15:15:17.022941,Recv:NF 332.4675,165,-0.040759;
RTP_SERVE,2022-11-14T15:15:19.086561,Recv:NF 334.5361,166,-0.106098;
RTP_SERVE,2022-11-14T15:15:21.019956,Recv:NF 336.4643,167,0.070915;
RTP_SERVE,2022-11-14T15:15:23.123653,Recv:NF 338.5553,168,0.221585;
RTP_SERVE,2022-11-14T15:15:25.117136,Recv:NF 340.5516,169,0.138718;
RTP_SERVE,2022-11-14T15:15:26.970293,Recv:NF 342.4039,170,-0.239589;
RTP_SERVE,2022-11-14T15:15:29.073844,Recv:NF 344.5211,171,-0.121168;
RTP_SERVE,2022-11-14T15:15:31.077296,Recv:NF 346.5196,172,-0.081849;
RTP_SERVE,2022-11-14T15:15:33.010833,Recv:NF 348.4596,173,-0.053699;
RTP_SERVE,2022-11-14T15:15:35.094526,Recv:NF 350.5305,174,-0.080242;
RTP_SERVE,2022-11-14T15:15:37.027859,Recv:NF 352.4689,175,-0.195106;
RTP_SERVE,2022-11-14T15:15:39.081402,Recv:NF 354.5280,176,0.161435;
RTP_SERVE,2022-11-14T15:15:41.115037,Recv:NF 356.5585,177,-0.140859;
RTP_SERVE,2022-11-14T15:15:43.058361,Recv:NF 358.5025,178,-0.037349;
RTP_SERVE,2022-11-14T15:15:45.061756,Recv:NF 360.5053,179,-0.167591;
RTP_SERVE,2022-11-14T15:15:47.005070,Recv:NF 362.4542,180,-0.042909;
RTP_SERVE,2022-11-14T15:15:49.098595,Recv:NF 364.5439,181,0.127987;
RTP_SERVE,2022-11-14T15:15:51.002334,Recv:NF 366.4466,182,0.125484;
RTP_SERVE,2022-11-14T15:15:53.015752,Recv:NF 368.4587,183,0.046259;
RTP_SERVE,2022-11-14T15:15:55.109320,Recv:NF 370.5587,184,-0.463236;
RTP_SERVE,2022-11-14T15:15:57.082911,Recv:NF 372.5252,185,-0.217675;
RTP_SERVE,2022-11-14T15:15:59.116543,Recv:NF 374.5582,186,-0.015692;
RTP_SERVE,2022-11-14T15:16:01.089888,Recv:NF 376.5341,187,0.123144;
RTP_SERVE,2022-11-14T15:16:03.073425,Recv:NF 378.5170,188,0.053710;
RTP_SERVE,2022-11-14T15:16:05.107091,Recv:NF 380.5487,189,-0.134379;
RTP_SERVE,2022-11-14T15:16:07.080686,Recv:NF 382.5229,190,-0.223325;
RTP_SERVE,2022-11-14T15:16:09.144247,Recv:NF 384.5915,191,-0.355124;
RTP_SERVE,2022-11-14T15:16:11.208011,Recv:NF 386.6549,192,-0.109639;
RTP_SERVE,2022-11-14T15:16:13.101378,Recv:NF 388.5454,193,-0.065164;
RTP_SERVE,2022-11-14T15:16:15.185064,Recv:NF 390.6272,194,0.128648;
RTP_SERVE,2022-11-14T15:16:17.028378,Recv:NF 392.4734,195,0.231162;
RTP_SERVE,2022-11-14T15:16:18.961706,Recv:NF 394.4091,196,-0.175410;
RTP_SERVE,2022-11-14T15:16:21.095775,Recv:NF 396.5461,197,-0.167247;
RTP_SERVE,2022-11-14T15:16:23.109162,Recv:NF 398.5577,198,-0.124588;
RTP_SERVE,2022-11-14T15:16:25.062501,Recv:NF 400.5093,199,-0.106236;
RTP_SERVE,2022-11-14T15:16:27.085904,Recv:NF 402.5328,200,-0.160980;
RTP_SERVE,2022-11-14T15:16:29.149412,Recv:NF 404.5962,201,-0.144408;
RTP_SERVE,2022-11-14T15:16:31.074140,Recv:NF 406.5312,202,-0.232379;
RTP_SERVE,2022-11-14T15:16:33.172837,Recv:NF 408.6182,203,-0.056240;
RTP_SERVE,2022-11-14T15:16:35.132677,Recv:NF 410.5864,204,-0.196416;
RTP_SERVE,2022-11-14T15:16:36.989645,Recv:NF 412.4488,205,-0.093994;
RTP_SERVE,2022-11-14T15:16:39.123860,Recv:NF 414.5666,206,0.118925;
RTP_SERVE,2022-11-14T15:16:41.158732,Recv:NF 416.6046,207,0.040003;
RTP_SERVE,2022-11-14T15:16:43.180875,Recv:NF 418.6341,208,-0.077100;
RTP_SERVE,2022-11-14T15:16:45.116254,Recv:NF 420.5717,209,0.186581;
RTP_SERVE,2022-11-14T15:16:47.137205,Recv:NF 422.5861,210,0.313300;
RTP_SERVE,2022-11-14T15:16:48.964953,Recv:NF 424.4113,211,-0.114848;
RTP_SERVE,2022-11-14T15:16:51.092550,Recv:NF 426.5440,212,-0.123381;
RTP_SERVE,2022-11-14T15:16:53.051931,Recv:NF 428.5049,213,-0.180231;
RTP_SERVE,2022-11-14T15:16:55.020158,Recv:NF 430.4694,214,-0.146786;
RTP_SERVE,2022-11-14T15:16:57.145519,Recv:NF 432.5949,215,-0.054794;
RTP_SERVE,2022-11-14T15:16:59.153682,Recv:NF 434.5988,216,-0.116832;
RTP_SERVE,2022-11-14T15:17:01.115651,Recv:NF 436.5623,217,-0.218363;
RTP_SERVE,2022-11-14T15:17:03.133658,Recv:NF 438.5695,218,-0.131999;
RTP_SERVE,2022-11-14T15:17:05.125241,Recv:NF 440.5716,219,-0.174532;
RTP_SERVE,2022-11-14T15:17:07.153733,Recv:NF 442.5995,220,-0.266287;
RTP_SERVE,2022-11-14T15:17:09.122092,Recv:NF 444.5613,221,-0.226613;
RTP_SERVE,2022-11-14T15:17:11.122644,Recv:NF 446.5632,222,-0.193635;
RTP_SERVE,2022-11-14T15:17:13.146324,Recv:NF 448.5952,223,-0.025975;
RTP_SERVE,2022-11-14T15:17:15.069747,Recv:NF 450.5206,224,-0.062464;
RTP_SERVE,2022-11-14T15:17:17.133379,Recv:NF 452.5818,225,0.215818;
RTP_SERVE,2022-11-14T15:17:19.176973,Recv:NF 454.6238,226,0.271866;
RTP_SERVE,2022-11-14T15:17:21.110403,Recv:NF 456.5584,227,0.463231;
RTP_SERVE,2022-11-14T15:17:23.153993,Recv:NF 458.5994,228,0.033954;
RTP_SERVE,2022-11-14T15:17:24.997301,Recv:NF 460.4453,229,0.227820;
RTP_SERVE,2022-11-14T15:17:27.061034,Recv:NF 462.5088,230,-0.035504;
RTP_SERVE,2022-11-14T15:17:29.194901,Recv:NF 464.6439,231,-0.058907;
RTP_SERVE,2022-11-14T15:17:31.118262,Recv:NF 466.5646,232,0.029041;
RTP_SERVE,2022-11-14T15:17:33.041786,Recv:NF 468.4889,233,0.083161;
RTP_SERVE,2022-11-14T15:17:35.125454,Recv:NF 470.5682,234,0.049344;
RTP_SERVE,2022-11-14T15:17:37.038840,Recv:NF 472.4855,235,0.061929;
RTP_SERVE,2022-11-14T15:17:39.052295,Recv:NF 474.4956,236,0.114385;
RTP_SERVE,2022-11-14T15:17:41.066251,Recv:NF 476.5136,237,0.208370;
RTP_SERVE,2022-11-14T15:17:43.009896,Recv:NF 478.4633,238,0.069984;
RTP_SERVE,2022-11-14T15:17:45.093608,Recv:NF 480.5419,239,0.089521;
RTP_SERVE,2022-11-14T15:17:47.137156,Recv:NF 482.5778,240,0.129175;
RTP_SERVE,2022-11-14T15:17:49.040608,Recv:NF 484.4867,241,-0.056843;
RTP_SERVE,2022-11-14T15:17:51.052595,Recv:NF 486.4975,242,-0.087922;
RTP_SERVE,2022-11-14T15:17:53.066062,Recv:NF 488.5068,243,-0.229769;
RTP_SERVE,2022-11-14T15:17:55.079570,Recv:NF 490.5261,244,-0.146716;
RTP_SERVE,2022-11-14T15:17:57.143205,Recv:NF 492.5884,245,0.200862;
RTP_SERVE,2022-11-14T15:17:59.186736,Recv:NF 494.6239,246,0.059978;
RTP_SERVE,2022-11-14T15:18:01.069999,Recv:NF 496.5108,247,0.298493;
RTP_SERVE,2022-11-14T15:18:03.173764,Recv:NF 498.6180,248,0.362757;
RTP_SERVE,2022-11-14T15:18:05.107083,Recv:NF 500.5548,249,0.151569;
RTP_SERVE,2022-11-14T15:18:07.090961,Recv:NF 502.5405,250,0.114775;
RTP_SERVE,2022-11-14T15:18:09.155224,Recv:NF 504.6070,251,0.160592;
RTP_SERVE,2022-11-14T15:18:11.138770,Recv:NF 506.5858,252,-0.034752;
RTP_SERVE,2022-11-14T15:18:13.112134,Recv:NF 508.5599,253,0.498408;
RTP_SERVE,2022-11-14T15:18:15.106037,Recv:NF 510.5507,254,0.402281;
RTP_SERVE,2022-11-14T15:18:17.179831,Recv:NF 512.6337,255,0.286909;
RTP_SERVE,2022-11-14T15:18:19.093193,Recv:NF 514.5416,256,0.306560;
RTP_SERVE,2022-11-14T15:18:21.041590,Recv:NF 516.4896,257,0.143886;
RTP_SERVE,2022-11-14T15:18:23.140514,Recv:NF 518.5847,258,0.026662;
RTP_SERVE,2022-11-14T15:18:25.254326,Recv:NF 520.7017,259,-0.094094;
RTP_SERVE,2022-11-14T15:18:27.037417,Recv:NF 522.4955,260,0.205315;
RTP_SERVE,2022-11-14T15:18:29.211186,Recv:NF 524.6605,261,0.267864;
RTP_SERVE,2022-11-14T15:18:31.206723,Recv:NF 526.6824,262,0.394512;
RTP_SERVE,2022-11-14T15:18:31.297416,Send:END_SESSION;
RTP_SERVE,2022-11-14T15:18:31.557185,Recv:IsAlive?;
RTP_SERVE,2022-11-14T15:18:31.617268,Send:Yes.
RTP_SERVE,2022-11-14T15:18:31.697405,Recv:END;
RTP_SERVE,2022-11-14T15:18:46.333763,Recv:IsAlive?;
RTP_SERVE,2022-11-14T15:18:46.383878,Send:Yes.
RTP_SERVE,2022-11-14T15:18:46.443959,Recv:END;
RTP_SERVE,2022-11-14T15:21:18.097919,Recv:IsAlive?;
RTP_SERVE,2022-11-14T15:21:18.142920,Send:Yes.
RTP_SERVE,2022-11-14T15:21:18.228123,Recv:GET_STATE;
RTP_SERVE,2022-11-14T15:21:18.284372,Send:cmd_loop
RTP_SERVE,2022-11-14T15:21:18.353539,Recv:SET_LOGDIR /data/rt/LA-NF_E18691/log;PREP_Task;encoded binary data
RTP_SERVE,2022-11-14T15:21:18.458924,Send:PREPED;
RTP_SERVE,2022-11-14T15:21:29.322642,Recv:IsAlive?;
RTP_SERVE,2022-11-14T15:21:29.362497,Send:Yes.
RTP_SERVE,2022-11-14T15:21:29.457487,Recv:READY;
RTP_SERVE,2022-11-14T15:21:29.479054,Send:READY;
RTP_SERVE,2022-11-14T15:21:33.403155,Recv:SCAN_START 2022-11-14T15:21:33.373221;
RTP_SERVE,2022-11-14T15:21:42.087953,Recv:IsAlive?;
RTP_SERVE,2022-11-14T15:21:42.128059,Send:Yes.
RTP_SERVE,2022-11-14T15:21:42.188155,Recv:END;
RTP_SERVE,2022-11-14T15:21:42.242214,Send:END_SESSION;
RTP_SERVE,2022-11-14T15:21:42.409691,Recv:IsAlive?;
RTP_SERVE,2022-11-14T15:21:42.449768,Send:Yes.
RTP_SERVE,2022-11-14T15:21:42.489887,Recv:END;
RTP_SERVE,2022-11-14T15:22:05.108315,Recv:IsAlive?;
RTP_SERVE,2022-11-14T15:22:05.178407,Send:Yes.
RTP_SERVE,2022-11-14T15:22:05.238506,Recv:GET_STATE;
RTP_SERVE,2022-11-14T15:22:05.274706,Send:cmd_loop
RTP_SERVE,2022-11-14T15:22:05.353885,Recv:SET_LOGDIR /data/rt/LA-NF_E18691/log;PREP_Task;encoded binary data
RTP_SERVE,2022-11-14T15:22:05.448116,Send:PREPED;
RTP_SERVE,2022-11-14T15:22:14.746206,Recv:IsAlive?;
RTP_SERVE,2022-11-14T15:22:14.776782,Send:Yes.
RTP_SERVE,2022-11-14T15:22:14.858542,Recv:READY;
RTP_SERVE,2022-11-14T15:22:14.885168,Send:READY;
RTP_SERVE,2022-11-14T15:22:16.407958,Recv:SCAN_START 2022-11-14T15:22:16.387060;
RTP_SERVE,2022-11-14T15:23:12.912714,Recv:NF 56.4833,3,0.004965;
RTP_SERVE,2022-11-14T15:23:13.113773,Recv:NF 56.6906,4,-0.012874;
RTP_SERVE,2022-11-14T15:23:13.194553,Recv:NF 56.7545,5,0.006899;
RTP_SERVE,2022-11-14T15:23:13.285345,Recv:NF 56.8032,6,0.002354;;NF 56.8636,7,0.023797;
RTP_SERVE,2022-11-14T15:23:13.356104,Recv:NF 56.9110,8,-0.038069;
RTP_SERVE,2022-11-14T15:23:13.436843,Recv:NF 56.9824,9,0.023700;NF 57.0160,10,-0.023227;
RTP_SERVE,2022-11-14T15:23:13.547689,Recv:NF 57.0724,11,-0.000805;;NF 57.1216,12,0.011637;
RTP_SERVE,2022-11-14T15:23:13.658593,Recv:NF 57.1842,13,0.008968;;NF 57.2250,14,-0.016327;
RTP_SERVE,2022-11-14T15:23:13.789523,Recv:NF 57.2743,15,-0.006516;NF 57.3194,16,0.008679;;NF 57.3562,17,0.022001;
RTP_SERVE,2022-11-14T15:23:13.900362,Recv:NF 57.4158,18,0.005081;NF 57.4565,19,-0.017850;
RTP_SERVE,2022-11-14T15:23:14.001163,Recv:NF 57.5154,20,-0.007653;NF 57.5580,21,0.020467;
RTP_SERVE,2022-11-14T15:23:14.102002,Recv:NF 57.6197,22,-0.028426;NF 57.6610,23,0.035701;
RTP_SERVE,2022-11-14T15:23:14.194851,Recv:NF 57.7304,24,-0.025690;NF 57.7698,25,-0.014719;
RTP_SERVE,2022-11-14T15:23:14.283129,Recv:NF 57.8397,26,0.017901;NF 57.8849,27,-0.000550;
RTP_SERVE,2022-11-14T15:23:14.853987,Recv:NF 58.4279,28,0.024381;
RTP_SERVE,2022-11-14T15:23:16.902528,Recv:NF 60.4830,29,-0.034677;
RTP_SERVE,2022-11-14T15:23:18.890727,Recv:NF 62.4716,30,0.157378;
RTP_SERVE,2022-11-14T15:23:20.915870,Recv:NF 64.4929,31,0.039254;
RTP_SERVE,2022-11-14T15:23:22.940978,Recv:NF 66.5140,32,0.191466;
RTP_SERVE,2022-11-14T15:23:24.889112,Recv:NF 68.4705,33,-0.066046;
RTP_SERVE,2022-11-14T15:23:26.857335,Recv:NF 70.4340,34,-0.216078;
RTP_SERVE,2022-11-14T15:23:28.949699,Recv:NF 72.5287,35,-0.084304;
RTP_SERVE,2022-11-14T15:23:30.884096,Recv:NF 74.4620,36,-0.318709;
RTP_SERVE,2022-11-14T15:23:32.919330,Recv:NF 76.4957,37,0.098762;
RTP_SERVE,2022-11-14T15:23:34.904161,Recv:NF 78.4836,38,0.005242;
RTP_SERVE,2022-11-14T15:23:36.905987,Recv:NF 80.4885,39,0.039214;
RTP_SERVE,2022-11-14T15:23:38.910964,Recv:NF 82.4885,40,-0.137665;
RTP_SERVE,2022-11-14T15:23:40.929562,Recv:NF 84.5077,41,-0.051519;
RTP_SERVE,2022-11-14T15:23:42.953271,Recv:NF 86.5300,42,0.145184;
RTP_SERVE,2022-11-14T15:23:44.996935,Recv:NF 88.5743,43,-0.085465;
RTP_SERVE,2022-11-14T15:23:46.980401,Recv:NF 90.5637,44,-0.100379;
RTP_SERVE,2022-11-14T15:23:48.904015,Recv:NF 92.4828,45,0.092484;
RTP_SERVE,2022-11-14T15:23:50.897635,Recv:NF 94.4815,46,0.521467;
RTP_SERVE,2022-11-14T15:23:52.951357,Recv:NF 96.5256,47,0.250334;
RTP_SERVE,2022-11-14T15:23:54.894796,Recv:NF 98.4754,48,0.233600;
RTP_SERVE,2022-11-14T15:23:56.918579,Recv:NF 100.5002,49,-0.137504;
RTP_SERVE,2022-11-14T15:23:58.853112,Recv:NF 102.4384,50,0.068525;
RTP_SERVE,2022-11-14T15:24:00.986244,Recv:NF 104.5641,51,0.061942;
RTP_SERVE,2022-11-14T15:24:02.869581,Recv:NF 106.4598,52,-0.143203;
RTP_SERVE,2022-11-14T15:24:04.923724,Recv:NF 108.5053,53,-0.093316;
RTP_SERVE,2022-11-14T15:24:06.957408,Recv:NF 110.5452,54,0.107949;
RTP_SERVE,2022-11-14T15:24:08.912100,Recv:NF 112.4960,55,0.168722;
RTP_SERVE,2022-11-14T15:24:10.964631,Recv:NF 114.5403,56,-0.011960;
RTP_SERVE,2022-11-14T15:24:12.918114,Recv:NF 116.4915,57,-0.133478;
RTP_SERVE,2022-11-14T15:24:14.941506,Recv:NF 118.5168,58,-0.175281;
RTP_SERVE,2022-11-14T15:24:16.984951,Recv:NF 120.5665,59,-0.189192;
RTP_SERVE,2022-11-14T15:24:18.918263,Recv:NF 122.4946,60,0.159139;
RTP_SERVE,2022-11-14T15:24:21.001991,Recv:NF 124.5838,61,0.059915;
RTP_SERVE,2022-11-14T15:24:22.943295,Recv:NF 126.5226,62,-0.034329;
RTP_SERVE,2022-11-14T15:24:24.846588,Recv:NF 128.4258,63,-0.420552;
RTP_SERVE,2022-11-14T15:24:26.960189,Recv:NF 130.5408,64,-0.473882;
RTP_SERVE,2022-11-14T15:24:28.893557,Recv:NF 132.4650,65,0.219895;
RTP_SERVE,2022-11-14T15:24:30.927080,Recv:NF 134.5021,66,0.035853;
RTP_SERVE,2022-11-14T15:24:32.890451,Recv:NF 136.4644,67,0.380603;
RTP_SERVE,2022-11-14T15:24:34.884026,Recv:NF 138.4616,68,-0.430321;
RTP_SERVE,2022-11-14T15:24:36.937686,Recv:NF 140.5196,69,-0.071055;
RTP_SERVE,2022-11-14T15:24:38.951230,Recv:NF 142.5302,70,-0.310332;
RTP_SERVE,2022-11-14T15:24:40.974673,Recv:NF 144.5484,71,-0.257358;
RTP_SERVE,2022-11-14T15:24:42.958075,Recv:NF 146.5400,72,0.010556;
RTP_SERVE,2022-11-14T15:24:44.831309,Recv:NF 148.4104,73,-0.286476;
RTP_SERVE,2022-11-14T15:24:46.904957,Recv:NF 150.4832,74,-0.054076;
RTP_SERVE,2022-11-14T15:24:48.968518,Recv:NF 152.5427,75,-0.121964;
RTP_SERVE,2022-11-14T15:24:50.911791,Recv:NF 154.4900,76,-0.011634;
RTP_SERVE,2022-11-14T15:24:52.865134,Recv:NF 156.4420,77,-0.139506;
RTP_SERVE,2022-11-14T15:24:55.008758,Recv:NF 158.5806,78,-0.004977;
RTP_SERVE,2022-11-14T15:24:56.952037,Recv:NF 160.5279,79,0.084144;
RTP_SERVE,2022-11-14T15:24:58.925715,Recv:NF 162.5096,80,0.196287;
RTP_SERVE,2022-11-14T15:25:00.989213,Recv:NF 164.5689,81,0.261578;
RTP_SERVE,2022-11-14T15:25:02.975131,Recv:NF 166.5528,82,0.011341;
RTP_SERVE,2022-11-14T15:25:04.933384,Recv:NF 168.5208,83,0.085901;
RTP_SERVE,2022-11-14T15:25:06.932959,Recv:NF 170.5070,84,0.107051;
RTP_SERVE,2022-11-14T15:25:08.870263,Recv:NF 172.4594,85,0.125611;
RTP_SERVE,2022-11-14T15:25:10.895893,Recv:NF 174.4817,86,-0.505481;
RTP_SERVE,2022-11-14T15:25:12.979739,Recv:NF 176.5576,87,-0.067322;
RTP_SERVE,2022-11-14T15:25:14.941049,Recv:NF 178.5193,88,0.032119;
RTP_SERVE,2022-11-14T15:25:16.946219,Recv:NF 180.5201,89,0.187284;
RTP_SERVE,2022-11-14T15:25:18.921272,Recv:NF 182.4960,90,-0.014445;
RTP_SERVE,2022-11-14T15:25:20.990427,Recv:NF 184.5660,91,-0.082474;
RTP_SERVE,2022-11-14T15:25:22.975000,Recv:NF 186.5525,92,0.007150;
RTP_SERVE,2022-11-14T15:25:24.986487,Recv:NF 188.5631,93,0.188006;
RTP_SERVE,2022-11-14T15:25:26.934394,Recv:NF 190.5168,94,0.405646;
RTP_SERVE,2022-11-14T15:25:29.043020,Recv:NF 192.6081,95,-0.022960;
RTP_SERVE,2022-11-14T15:25:30.954289,Recv:NF 194.5323,96,0.240461;
RTP_SERVE,2022-11-14T15:25:32.997401,Recv:NF 196.5848,97,0.211461;
RTP_SERVE,2022-11-14T15:25:35.058216,Recv:NF 198.6430,98,0.000585;
RTP_SERVE,2022-11-14T15:25:36.986198,Recv:NF 200.5578,99,0.097556;
RTP_SERVE,2022-11-14T15:25:38.987852,Recv:NF 202.5543,100,0.133237;
RTP_SERVE,2022-11-14T15:25:40.996377,Recv:NF 204.5665,101,0.352502;
RTP_SERVE,2022-11-14T15:25:43.003481,Recv:NF 206.5722,102,0.247126;
RTP_SERVE,2022-11-14T15:25:44.977189,Recv:NF 208.5578,103,0.119946;
RTP_SERVE,2022-11-14T15:25:46.950676,Recv:NF 210.5235,104,-0.047322;
RTP_SERVE,2022-11-14T15:25:48.934193,Recv:NF 212.5103,105,-0.007152;
RTP_SERVE,2022-11-14T15:25:50.987814,Recv:NF 214.5643,106,-0.160122;
RTP_SERVE,2022-11-14T15:25:52.961466,Recv:NF 216.5368,107,0.215279;
RTP_SERVE,2022-11-14T15:25:54.914944,Recv:NF 218.4883,108,0.275292;
RTP_SERVE,2022-11-14T15:25:57.128820,Recv:NF 220.7042,109,0.269063;
RTP_SERVE,2022-11-14T15:25:59.002241,Recv:NF 222.5743,110,0.077320;
RTP_SERVE,2022-11-14T15:26:01.005675,Recv:NF 224.5852,111,-0.013518;
RTP_SERVE,2022-11-14T15:26:02.969030,Recv:NF 226.5476,112,0.196886;
RTP_SERVE,2022-11-14T15:26:04.962552,Recv:NF 228.5362,113,0.098694;
RTP_SERVE,2022-11-14T15:26:06.986147,Recv:NF 230.5656,114,0.152934;
RTP_SERVE,2022-11-14T15:26:08.929492,Recv:NF 232.5127,115,-0.165744;
RTP_SERVE,2022-11-14T15:26:10.963203,Recv:NF 234.5410,116,0.061049;
RTP_SERVE,2022-11-14T15:26:12.906686,Recv:NF 236.4883,117,0.045465;
RTP_SERVE,2022-11-14T15:26:14.960369,Recv:NF 238.5372,118,-0.123441;
RTP_SERVE,2022-11-14T15:26:16.934046,Recv:NF 240.5208,119,-0.054650;
RTP_SERVE,2022-11-14T15:26:18.847474,Recv:NF 242.4228,120,-0.036179;
RTP_SERVE,2022-11-14T15:26:20.911069,Recv:NF 244.4888,121,-0.079567;
RTP_SERVE,2022-11-14T15:26:22.933785,Recv:NF 246.5110,122,0.231613;
RTP_SERVE,2022-11-14T15:26:24.867203,Recv:NF 248.4451,123,0.008522;
RTP_SERVE,2022-11-14T15:26:26.900894,Recv:NF 250.4810,124,-0.086869;
RTP_SERVE,2022-11-14T15:26:28.974645,Recv:NF 252.5445,125,0.078048;
RTP_SERVE,2022-11-14T15:26:30.938088,Recv:NF 254.5111,126,-0.000361;
RTP_SERVE,2022-11-14T15:26:32.881641,Recv:NF 256.4578,127,0.163348;
RTP_SERVE,2022-11-14T15:26:34.965534,Recv:NF 258.5294,128,0.060272;
RTP_SERVE,2022-11-14T15:26:36.969183,Recv:NF 260.5513,129,0.053455;
RTP_SERVE,2022-11-14T15:26:39.022778,Recv:NF 262.5960,130,0.081968;
RTP_SERVE,2022-11-14T15:26:40.996223,Recv:NF 264.5694,131,-0.297983;
RTP_SERVE,2022-11-14T15:26:43.019696,Recv:NF 266.5999,132,0.265620;
RTP_SERVE,2022-11-14T15:26:44.963285,Recv:NF 268.5279,133,0.252750;
RTP_SERVE,2022-11-14T15:26:46.986486,Recv:NF 270.5506,134,0.250994;
RTP_SERVE,2022-11-14T15:26:48.879690,Recv:NF 272.4573,135,-0.121692;
RTP_SERVE,2022-11-14T15:26:50.933382,Recv:NF 274.5131,136,-0.140625;
RTP_SERVE,2022-11-14T15:26:53.007026,Recv:NF 276.5855,137,-0.267519;
RTP_SERVE,2022-11-14T15:26:54.920341,Recv:NF 278.4995,138,0.034471;
RTP_SERVE,2022-11-14T15:26:56.933895,Recv:NF 280.5146,139,0.201930;
RTP_SERVE,2022-11-14T15:26:59.017669,Recv:NF 282.6012,140,-0.191684;
RTP_SERVE,2022-11-14T15:27:00.891084,Recv:NF 284.4732,141,0.138377;
RTP_SERVE,2022-11-14T15:27:02.884928,Recv:NF 286.4645,142,0.114108;
RTP_SERVE,2022-11-14T15:27:04.994136,Recv:NF 288.5700,143,0.129107;
RTP_SERVE,2022-11-14T15:27:06.903292,Recv:NF 290.4849,144,-0.059507;
RTP_SERVE,2022-11-14T15:27:08.990970,Recv:NF 292.5669,145,-0.656914;
RTP_SERVE,2022-11-14T15:27:10.934561,Recv:NF 294.5152,146,-0.462675;
RTP_SERVE,2022-11-14T15:27:12.933481,Recv:NF 296.5109,147,-0.100884;
RTP_SERVE,2022-11-14T15:27:15.055197,Recv:NF 298.6348,148,-0.115010;
RTP_SERVE,2022-11-14T15:27:16.983032,Recv:NF 300.5689,149,0.136180;
RTP_SERVE,2022-11-14T15:27:19.038545,Recv:NF 302.6169,150,-0.110288;
RTP_SERVE,2022-11-14T15:27:20.983074,Recv:NF 304.5542,151,-0.053130;
RTP_SERVE,2022-11-14T15:27:22.968032,Recv:NF 306.5449,152,0.124128;
RTP_SERVE,2022-11-14T15:27:24.976590,Recv:NF 308.5557,153,-0.035098;
RTP_SERVE,2022-11-14T15:27:27.025064,Recv:NF 310.6015,154,0.085423;
RTP_SERVE,2022-11-14T15:27:28.929498,Recv:NF 312.5091,155,0.064396;
RTP_SERVE,2022-11-14T15:27:30.951425,Recv:NF 314.5289,156,-0.090050;
RTP_SERVE,2022-11-14T15:27:32.956409,Recv:NF 316.5374,157,-0.239615;
RTP_SERVE,2022-11-14T15:27:34.991657,Recv:NF 318.5641,158,0.069706;
RTP_SERVE,2022-11-14T15:27:37.140309,Recv:NF 320.7117,159,-0.151770;
RTP_SERVE,2022-11-14T15:27:38.954412,Recv:NF 322.5353,160,-0.085619;
RTP_SERVE,2022-11-14T15:27:41.030144,Recv:NF 324.6112,161,0.369537;
RTP_SERVE,2022-11-14T15:27:43.004781,Recv:NF 326.5848,162,0.018546;
RTP_SERVE,2022-11-14T15:27:44.988641,Recv:NF 328.5643,163,-0.005024;
RTP_SERVE,2022-11-14T15:27:47.052125,Recv:NF 330.6283,164,0.339453;
RTP_SERVE,2022-11-14T15:27:48.965497,Recv:NF 332.5514,165,0.179821;
RTP_SERVE,2022-11-14T15:27:50.968940,Recv:NF 334.5462,166,0.083845;
RTP_SERVE,2022-11-14T15:27:52.972416,Recv:NF 336.5469,167,-0.032403;
RTP_SERVE,2022-11-14T15:27:55.076251,Recv:NF 338.6526,168,-0.064639;
RTP_SERVE,2022-11-14T15:27:57.039778,Recv:NF 340.6145,169,-0.020331;
RTP_SERVE,2022-11-14T15:27:58.963148,Recv:NF 342.5433,170,-0.587883;
RTP_SERVE,2022-11-14T15:28:00.996750,Recv:NF 344.5766,171,-0.306131;
RTP_SERVE,2022-11-14T15:28:03.130746,Recv:NF 346.7081,172,0.113981;
RTP_SERVE,2022-11-14T15:28:04.984187,Recv:NF 348.5622,173,0.079979;
RTP_SERVE,2022-11-14T15:28:07.007713,Recv:NF 350.5865,174,0.124493;
RTP_SERVE,2022-11-14T15:28:08.881024,Recv:NF 352.4594,175,-0.083870;
RTP_SERVE,2022-11-14T15:28:11.034839,Recv:NF 354.6246,176,-0.302203;
RTP_SERVE,2022-11-14T15:28:13.063529,Recv:NF 356.6563,177,0.174114;
RTP_SERVE,2022-11-14T15:28:15.043323,Recv:NF 358.6299,178,0.020741;
RTP_SERVE,2022-11-14T15:28:17.085964,Recv:NF 360.6629,179,-0.136541;
RTP_SERVE,2022-11-14T15:28:19.039480,Recv:NF 362.6143,180,-0.175525;
RTP_SERVE,2022-11-14T15:28:20.963082,Recv:NF 364.5363,181,0.134257;
RTP_SERVE,2022-11-14T15:28:23.044176,Recv:NF 366.6244,182,-0.114106;
RTP_SERVE,2022-11-14T15:28:24.942688,Recv:NF 368.5306,183,-0.131889;
RTP_SERVE,2022-11-14T15:28:27.041805,Recv:NF 370.6252,184,0.279165;
RTP_SERVE,2022-11-14T15:28:28.966335,Recv:NF 372.5495,185,0.388135;
RTP_SERVE,2022-11-14T15:28:30.918908,Recv:NF 374.4991,186,0.398280;
RTP_SERVE,2022-11-14T15:28:32.992490,Recv:NF 376.5750,187,0.378414;
RTP_SERVE,2022-11-14T15:28:35.005980,Recv:NF 378.5801,188,0.007469;
RTP_SERVE,2022-11-14T15:28:36.990376,Recv:NF 380.5707,189,0.003830;
RTP_SERVE,2022-11-14T15:28:39.124360,Recv:NF 382.6990,190,-0.777370;
RTP_SERVE,2022-11-14T15:28:40.997965,Recv:NF 384.5779,191,0.064651;
RTP_SERVE,2022-11-14T15:28:43.071906,Recv:NF 386.6490,192,-0.298234;
RTP_SERVE,2022-11-14T15:28:44.935108,Recv:NF 388.5129,193,-0.096754;
RTP_SERVE,2022-11-14T15:28:46.948577,Recv:NF 390.5229,194,-0.003609;
RTP_SERVE,2022-11-14T15:28:49.032378,Recv:NF 392.5944,195,0.254422;
RTP_SERVE,2022-11-14T15:28:50.985698,Recv:NF 394.5595,196,-0.017740;
RTP_SERVE,2022-11-14T15:28:53.019560,Recv:NF 396.6002,197,0.110810;
RTP_SERVE,2022-11-14T15:28:55.023086,Recv:NF 398.6025,198,0.358162;
RTP_SERVE,2022-11-14T15:28:56.866506,Recv:NF 400.4489,199,-0.098323;
RTP_SERVE,2022-11-14T15:28:58.980151,Recv:NF 402.5623,200,0.154488;
RTP_SERVE,2022-11-14T15:29:00.953601,Recv:NF 404.5413,201,-0.066816;
RTP_SERVE,2022-11-14T15:29:02.905477,Recv:NF 406.4887,202,-0.065818;
RTP_SERVE,2022-11-14T15:29:05.024451,Recv:NF 408.6057,203,0.040295;
RTP_SERVE,2022-11-14T15:29:06.973751,Recv:NF 410.5531,204,-0.196161;
RTP_SERVE,2022-11-14T15:29:08.971158,Recv:NF 412.5477,205,-0.005308;
RTP_SERVE,2022-11-14T15:29:11.023417,Recv:NF 414.6020,206,0.079405;
RTP_SERVE,2022-11-14T15:29:12.990474,Recv:NF 416.5642,207,0.307802;
RTP_SERVE,2022-11-14T15:29:15.052150,Recv:NF 418.6298,208,0.332331;
RTP_SERVE,2022-11-14T15:29:17.070260,Recv:NF 420.6441,209,0.309849;
RTP_SERVE,2022-11-14T15:29:19.085473,Recv:NF 422.6736,210,0.304590;
RTP_SERVE,2022-11-14T15:29:20.923079,Recv:NF 424.5049,211,-0.038838;
RTP_SERVE,2022-11-14T15:29:22.961996,Recv:NF 426.5413,212,0.058317;
RTP_SERVE,2022-11-14T15:29:25.020251,Recv:NF 428.6023,213,0.026751;
RTP_SERVE,2022-11-14T15:29:26.968291,Recv:NF 430.5431,214,0.397780;
RTP_SERVE,2022-11-14T15:29:28.929978,Recv:NF 432.5151,215,0.318470;
RTP_SERVE,2022-11-14T15:29:31.075645,Recv:NF 434.6557,216,0.051771;
RTP_SERVE,2022-11-14T15:29:33.043576,Recv:NF 436.6105,217,-0.203546;
RTP_SERVE,2022-11-14T15:29:35.021491,Recv:NF 438.5970,218,-0.136439;
RTP_SERVE,2022-11-14T15:29:37.057047,Recv:NF 440.6314,219,-0.061475;
RTP_SERVE,2022-11-14T15:29:39.061994,Recv:NF 442.6363,220,-0.340511;
RTP_SERVE,2022-11-14T15:29:40.949880,Recv:NF 444.5269,221,-0.103878;
RTP_SERVE,2022-11-14T15:29:42.964022,Recv:NF 446.5397,222,-0.140091;
RTP_SERVE,2022-11-14T15:29:44.927479,Recv:NF 448.5136,223,-0.245896;
RTP_SERVE,2022-11-14T15:29:46.981649,Recv:NF 450.5732,224,-0.310323;
RTP_SERVE,2022-11-14T15:29:48.995517,Recv:NF 452.5656,225,-0.194657;
RTP_SERVE,2022-11-14T15:29:51.029187,Recv:NF 454.6037,226,-0.345930;
RTP_SERVE,2022-11-14T15:29:53.022667,Recv:NF 456.5899,227,0.102131;
RTP_SERVE,2022-11-14T15:29:55.086359,Recv:NF 458.6683,228,-0.086346;
RTP_SERVE,2022-11-14T15:29:57.019768,Recv:NF 460.6069,229,-0.107501;
RTP_SERVE,2022-11-14T15:29:59.043266,Recv:NF 462.6088,230,-0.197610;
RTP_SERVE,2022-11-14T15:30:01.006771,Recv:NF 464.5898,231,-0.053730;
RTP_SERVE,2022-11-14T15:30:02.930239,Recv:NF 466.5089,232,-0.202986;
RTP_SERVE,2022-11-14T15:30:04.993814,Recv:NF 468.5852,233,-0.104782;
RTP_SERVE,2022-11-14T15:30:06.997418,Recv:NF 470.5770,234,-0.472126;
RTP_SERVE,2022-11-14T15:30:09.010985,Recv:NF 472.5913,235,-0.353631;
RTP_SERVE,2022-11-14T15:30:11.029486,Recv:NF 474.6178,236,0.249230;
RTP_SERVE,2022-11-14T15:30:13.029184,Recv:NF 476.6183,237,-0.194953;
RTP_SERVE,2022-11-14T15:30:14.992238,Recv:NF 478.5708,238,-0.316928;
RTP_SERVE,2022-11-14T15:30:17.025967,Recv:NF 480.6052,239,0.139207;
RTP_SERVE,2022-11-14T15:30:18.994580,Recv:NF 482.5758,240,-0.028274;
RTP_SERVE,2022-11-14T15:30:20.983146,Recv:NF 484.5609,241,0.131238;
RTP_SERVE,2022-11-14T15:30:22.935066,Recv:NF 486.5230,242,0.180962;
RTP_SERVE,2022-11-14T15:30:25.017745,Recv:NF 488.5970,243,0.199990;
RTP_SERVE,2022-11-14T15:30:27.061299,Recv:NF 490.6443,244,-0.021301;
RTP_SERVE,2022-11-14T15:30:29.075043,Recv:NF 492.6609,245,-0.021721;
RTP_SERVE,2022-11-14T15:30:31.078820,Recv:NF 494.6586,246,0.020649;
RTP_SERVE,2022-11-14T15:30:32.942262,Recv:NF 496.5239,247,-0.239032;
RTP_SERVE,2022-11-14T15:30:34.986058,Recv:NF 498.5757,248,0.049101;
RTP_SERVE,2022-11-14T15:30:36.909704,Recv:NF 500.4925,249,-0.687200;
RTP_SERVE,2022-11-14T15:30:39.073466,Recv:NF 502.6554,250,0.396825;
RTP_SERVE,2022-11-14T15:30:40.946968,Recv:NF 504.5267,251,0.420636;
RTP_SERVE,2022-11-14T15:30:42.961108,Recv:NF 506.5372,252,0.336908;
RTP_SERVE,2022-11-14T15:30:45.024905,Recv:NF 508.5997,253,0.303125;
RTP_SERVE,2022-11-14T15:30:47.018504,Recv:NF 510.5938,254,0.205145;
RTP_SERVE,2022-11-14T15:30:49.052433,Recv:NF 512.6340,255,0.046109;
RTP_SERVE,2022-11-14T15:30:51.056385,Recv:NF 514.6205,256,0.207321;
RTP_SERVE,2022-11-14T15:30:52.990067,Recv:NF 516.5703,257,-0.331821;
RTP_SERVE,2022-11-14T15:30:55.033775,Recv:NF 518.6078,258,-0.096245;
RTP_SERVE,2022-11-14T15:30:57.077953,Recv:NF 520.6553,259,0.042099;
RTP_SERVE,2022-11-14T15:30:59.021444,Recv:NF 522.6061,260,0.054335;
RTP_SERVE,2022-11-14T15:31:01.065292,Recv:NF 524.6461,261,-0.026995;
RTP_SERVE,2022-11-14T15:31:03.158839,Recv:NF 526.7694,262,-0.000387;
RTP_SERVE,2022-11-14T15:31:03.261678,Send:END_SESSION;
RTP_SERVE,2022-11-14T15:31:04.060317,Recv:IsAlive?;
RTP_SERVE,2022-11-14T15:31:04.140420,Send:Yes.
RTP_SERVE,2022-11-14T15:31:04.210518,Recv:END;
RTP_SERVE,2022-11-14T15:31:18.346663,Recv:IsAlive?;
RTP_SERVE,2022-11-14T15:31:18.386739,Send:Yes.
RTP_SERVE,2022-11-14T15:31:18.456851,Recv:END;
RTP_SERVE,2022-11-14T15:41:32.709842,Recv:IsAlive?;
RTP_SERVE,2022-11-14T15:41:32.769917,Send:Yes.
RTP_SERVE,2022-11-14T15:41:32.810018,Recv:GET_STATE;
RTP_SERVE,2022-11-14T15:41:32.856285,Send:cmd_loop
RTP_SERVE,2022-11-14T15:41:32.920386,Recv:SET_LOGDIR /data/rt/LA-NF_E18691/log;PREP_Task;encoded binary data
RTP_SERVE,2022-11-14T15:41:33.006102,Send:PREPED;
RTP_SERVE,2022-11-14T15:41:42.238973,Recv:IsAlive?;
RTP_SERVE,2022-11-14T15:41:42.274805,Send:Yes.
RTP_SERVE,2022-11-14T15:41:42.415334,Recv:READY;
RTP_SERVE,2022-11-14T15:41:42.442127,Send:READY;
RTP_SERVE,2022-11-14T15:41:45.613084,Recv:SCAN_START 2022-11-14T15:41:45.590424;
RTP_SERVE,2022-11-14T15:42:42.206450,Recv:NF 56.5806,3,-0.000206;
RTP_SERVE,2022-11-14T15:42:42.357437,Recv:NF 56.7333,4,0.000229;
RTP_SERVE,2022-11-14T15:42:42.418167,Recv:NF 56.7722,5,-0.000279;
RTP_SERVE,2022-11-14T15:42:42.478838,Recv:NF 56.8173,6,-0.001950;;NF 56.8579,7,0.010523;
RTP_SERVE,2022-11-14T15:42:42.530528,Recv:NF 56.9113,8,-0.007165;
RTP_SERVE,2022-11-14T15:42:42.580149,Recv:NF 56.9529,9,0.000238;
RTP_SERVE,2022-11-14T15:42:42.640809,Recv:NF 57.0106,10,-0.001600;
RTP_SERVE,2022-11-14T15:42:42.726533,Recv:NF 57.0439,11,-0.001593;;NF 57.1023,12,-0.033758;
RTP_SERVE,2022-11-14T15:42:42.792288,Recv:NF 57.1493,13,0.056816;
RTP_SERVE,2022-11-14T15:42:42.847922,Recv:NF 57.2061,14,-0.028911;
RTP_SERVE,2022-11-14T15:42:42.894675,Recv:NF 57.2551,15,0.015159;
RTP_SERVE,2022-11-14T15:42:42.929809,Recv:NF 57.3151,16,-0.005205;
RTP_SERVE,2022-11-14T15:42:42.995582,Recv:NF 57.3563,17,-0.003485;
RTP_SERVE,2022-11-14T15:42:43.051210,Recv:NF 57.4247,18,0.029808;
RTP_SERVE,2022-11-14T15:42:43.097984,Recv:NF 57.4652,19,-0.046797;
RTP_SERVE,2022-11-14T15:42:43.148618,Recv:NF 57.5240,20,0.037085;
RTP_SERVE,2022-11-14T15:42:43.198263,Recv:NF 57.5649,21,-0.026743;
RTP_SERVE,2022-11-14T15:42:43.258952,Recv:NF 57.6312,22,-0.017699;
RTP_SERVE,2022-11-14T15:42:43.309598,Recv:NF 57.6714,23,0.027976;
RTP_SERVE,2022-11-14T15:42:43.353916,Recv:NF 57.7239,24,-0.002192;
RTP_SERVE,2022-11-14T15:42:43.415615,Recv:NF 57.7625,25,0.008462;
RTP_SERVE,2022-11-14T15:42:43.463965,Recv:NF 57.8280,26,-0.007636;;NF 57.8691,27,-0.001231;
RTP_SERVE,2022-11-14T15:42:44.265931,Recv:NF 58.6545,28,0.004560;
RTP_SERVE,2022-11-14T15:42:46.098535,Recv:NF 60.4777,29,-0.038490;
RTP_SERVE,2022-11-14T15:42:48.214427,Recv:NF 62.5957,30,-0.018639;
RTP_SERVE,2022-11-14T15:42:50.155739,Recv:NF 64.5405,31,0.021840;
RTP_SERVE,2022-11-14T15:42:52.235545,Recv:NF 66.6110,32,-0.058446;
RTP_SERVE,2022-11-14T15:42:54.195442,Recv:NF 68.5675,33,0.034215;
RTP_SERVE,2022-11-14T15:42:56.073340,Recv:NF 70.4574,34,-0.112267;
RTP_SERVE,2022-11-14T15:42:58.202458,Recv:NF 72.5782,35,-0.039458;
RTP_SERVE,2022-11-14T15:43:00.257268,Recv:NF 74.6321,36,-0.093894;
RTP_SERVE,2022-11-14T15:43:02.215325,Recv:NF 76.5876,37,-0.025376;
RTP_SERVE,2022-11-14T15:43:04.197049,Recv:NF 78.5712,38,0.099836;
RTP_SERVE,2022-11-14T15:43:06.225651,Recv:NF 80.5975,39,0.006433;
RTP_SERVE,2022-11-14T15:43:08.190361,Recv:NF 82.5593,40,-0.015156;
RTP_SERVE,2022-11-14T15:43:10.118895,Recv:NF 84.4917,41,0.021148;
RTP_SERVE,2022-11-14T15:43:12.236259,Recv:NF 86.6157,42,-0.031826;
RTP_SERVE,2022-11-14T15:43:14.199954,Recv:NF 88.5793,43,0.094218;
RTP_SERVE,2022-11-14T15:43:16.125117,Recv:NF 90.5094,44,-0.061392;
RTP_SERVE,2022-11-14T15:43:18.148576,Recv:NF 92.5260,45,-0.184567;
RTP_SERVE,2022-11-14T15:43:20.312921,Recv:NF 94.6835,46,0.203389;
RTP_SERVE,2022-11-14T15:43:22.196126,Recv:NF 96.5705,47,0.149827;
RTP_SERVE,2022-11-14T15:43:24.129586,Recv:NF 98.5157,48,0.010876;
RTP_SERVE,2022-11-14T15:43:26.198169,Recv:NF 100.5747,49,-0.155080;
RTP_SERVE,2022-11-14T15:43:28.186870,Recv:NF 102.5641,50,-0.091501;
RTP_SERVE,2022-11-14T15:43:30.200418,Recv:NF 104.5768,51,0.254715;
RTP_SERVE,2022-11-14T15:43:32.133789,Recv:NF 106.5091,52,-0.172374;
RTP_SERVE,2022-11-14T15:43:34.137345,Recv:NF 108.5135,53,-0.054261;
RTP_SERVE,2022-11-14T15:43:36.100919,Recv:NF 110.4779,54,-0.146376;
RTP_SERVE,2022-11-14T15:43:38.284979,Recv:NF 112.6457,55,0.078934;
RTP_SERVE,2022-11-14T15:43:40.078267,Recv:NF 114.4616,56,-0.286956;
RTP_SERVE,2022-11-14T15:43:42.242125,Recv:NF 116.6143,57,-0.343455;
RTP_SERVE,2022-11-14T15:43:44.215860,Recv:NF 118.5766,58,-0.352456;
RTP_SERVE,2022-11-14T15:43:46.159342,Recv:NF 120.5359,59,-0.487688;
RTP_SERVE,2022-11-14T15:43:48.268090,Recv:NF 122.6511,60,-0.212805;
RTP_SERVE,2022-11-14T15:43:50.206676,Recv:NF 124.5822,61,0.121894;
RTP_SERVE,2022-11-14T15:43:52.130860,Recv:NF 126.5133,62,-0.130707;
RTP_SERVE,2022-11-14T15:43:54.199651,Recv:NF 128.5788,63,-0.021695;
RTP_SERVE,2022-11-14T15:43:56.133028,Recv:NF 130.4979,64,0.032867;
RTP_SERVE,2022-11-14T15:43:58.248414,Recv:NF 132.6365,65,0.129212;
RTP_SERVE,2022-11-14T15:44:00.201520,Recv:NF 134.5854,66,0.496606;
RTP_SERVE,2022-11-14T15:44:02.160541,Recv:NF 136.5492,67,0.122007;
RTP_SERVE,2022-11-14T15:44:04.200539,Recv:NF 138.5714,68,-0.163931;
RTP_SERVE,2022-11-14T15:44:06.198531,Recv:NF 140.5869,69,0.287090;
RTP_SERVE,2022-11-14T15:44:08.168402,Recv:NF 142.5473,70,0.336863;
RTP_SERVE,2022-11-14T15:44:10.121118,Recv:NF 144.4995,71,0.044980;
RTP_SERVE,2022-11-14T15:44:12.165969,Recv:NF 146.5460,72,-0.239637;
RTP_SERVE,2022-11-14T15:44:14.168759,Recv:NF 148.5396,73,0.102708;
RTP_SERVE,2022-11-14T15:44:16.172501,Recv:NF 150.5443,74,0.046236;
RTP_SERVE,2022-11-14T15:44:18.286369,Recv:NF 152.6636,75,0.055046;
RTP_SERVE,2022-11-14T15:44:20.280159,Recv:NF 154.6593,76,0.459152;
RTP_SERVE,2022-11-14T15:44:22.173656,Recv:NF 156.5611,77,0.525100;
RTP_SERVE,2022-11-14T15:44:24.257581,Recv:NF 158.6313,78,0.401055;
RTP_SERVE,2022-11-14T15:44:26.271326,Recv:NF 160.6486,79,0.314498;
RTP_SERVE,2022-11-14T15:44:28.144527,Recv:NF 162.5177,80,0.296936;
RTP_SERVE,2022-11-14T15:44:30.288401,Recv:NF 164.6627,81,0.170889;
RTP_SERVE,2022-11-14T15:44:32.258135,Recv:NF 166.6348,82,0.074575;
RTP_SERVE,2022-11-14T15:44:34.226660,Recv:NF 168.5855,83,0.070957;
RTP_SERVE,2022-11-14T15:44:36.286076,Recv:NF 170.6551,84,-0.120440;
RTP_SERVE,2022-11-14T15:44:38.202849,Recv:NF 172.5633,85,0.136832;
RTP_SERVE,2022-11-14T15:44:40.194033,Recv:NF 174.5650,86,0.307797;
RTP_SERVE,2022-11-14T15:44:42.292654,Recv:NF 176.6576,87,0.294625;
RTP_SERVE,2022-11-14T15:44:44.230378,Recv:NF 178.6078,88,0.136105;
RTP_SERVE,2022-11-14T15:44:46.178775,Recv:NF 180.5535,89,-0.159555;
RTP_SERVE,2022-11-14T15:44:48.267562,Recv:NF 182.6455,90,0.099677;
RTP_SERVE,2022-11-14T15:44:50.198603,Recv:NF 184.5591,91,-0.165081;
RTP_SERVE,2022-11-14T15:44:52.187561,Recv:NF 186.5651,92,-0.256820;
RTP_SERVE,2022-11-14T15:44:54.222615,Recv:NF 188.5963,93,-0.130051;
RTP_SERVE,2022-11-14T15:44:56.180813,Recv:NF 190.5506,94,-0.098384;
RTP_SERVE,2022-11-14T15:44:58.249351,Recv:NF 192.6187,95,-0.245047;
RTP_SERVE,2022-11-14T15:45:00.187248,Recv:NF 194.5625,96,0.071538;
RTP_SERVE,2022-11-14T15:45:02.188991,Recv:NF 196.5604,97,-0.144575;
RTP_SERVE,2022-11-14T15:45:04.073681,Recv:NF 198.4622,98,-0.149691;
RTP_SERVE,2022-11-14T15:45:06.229581,Recv:NF 200.6051,99,0.013724;
RTP_SERVE,2022-11-14T15:45:08.167120,Recv:NF 202.5501,100,0.089125;
RTP_SERVE,2022-11-14T15:45:10.065413,Recv:NF 204.4363,101,0.111764;
RTP_SERVE,2022-11-14T15:45:12.206263,Recv:NF 206.5800,102,0.130072;
RTP_SERVE,2022-11-14T15:45:14.099603,Recv:NF 208.4728,103,0.407767;
RTP_SERVE,2022-11-14T15:45:16.133466,Recv:NF 210.5150,104,0.083936;
RTP_SERVE,2022-11-14T15:45:18.186938,Recv:NF 212.5606,105,0.161672;
RTP_SERVE,2022-11-14T15:45:20.160491,Recv:NF 214.5299,106,-0.008652;
RTP_SERVE,2022-11-14T15:45:22.254110,Recv:NF 216.6186,107,-0.056776;
RTP_SERVE,2022-11-14T15:45:24.237903,Recv:NF 218.6082,108,0.442667;
RTP_SERVE,2022-11-14T15:45:26.251636,Recv:NF 220.6125,109,0.037090;
RTP_SERVE,2022-11-14T15:45:28.165199,Recv:NF 222.5426,110,-0.173938;
RTP_SERVE,2022-11-14T15:45:30.228816,Recv:NF 224.5962,111,-0.037329;
RTP_SERVE,2022-11-14T15:45:32.151989,Recv:NF 226.5235,112,-0.244458;
RTP_SERVE,2022-11-14T15:45:34.165483,Recv:NF 228.5442,113,0.131370;
RTP_SERVE,2022-11-14T15:45:36.218984,Recv:NF 230.5892,114,0.082839;
RTP_SERVE,2022-11-14T15:45:38.112198,Recv:NF 232.4875,115,0.169377;
RTP_SERVE,2022-11-14T15:45:40.200773,Recv:NF 234.5761,116,-0.428494;
RTP_SERVE,2022-11-14T15:45:42.229815,Recv:NF 236.6109,117,-0.353917;
RTP_SERVE,2022-11-14T15:45:44.213327,Recv:NF 238.5898,118,-0.248697;
RTP_SERVE,2022-11-14T15:45:46.136744,Recv:NF 240.5155,119,-0.151208;
RTP_SERVE,2022-11-14T15:45:48.250852,Recv:NF 242.6253,120,0.066721;
RTP_SERVE,2022-11-14T15:45:50.099139,Recv:NF 244.4789,121,0.078489;
RTP_SERVE,2022-11-14T15:45:52.186260,Recv:NF 246.5679,122,0.208663;
RTP_SERVE,2022-11-14T15:45:54.170044,Recv:NF 248.5545,123,0.116555;
RTP_SERVE,2022-11-14T15:45:56.113548,Recv:NF 250.4930,124,0.123005;
RTP_SERVE,2022-11-14T15:45:58.227299,Recv:NF 252.6044,125,0.104494;
RTP_SERVE,2022-11-14T15:46:00.221009,Recv:NF 254.5989,126,0.302347;
RTP_SERVE,2022-11-14T15:46:02.224610,Recv:NF 256.5938,127,0.409467;
RTP_SERVE,2022-11-14T15:46:04.248173,Recv:NF 258.6232,128,0.257104;
RTP_SERVE,2022-11-14T15:46:06.321937,Recv:NF 260.7086,129,-0.027454;
RTP_SERVE,2022-11-14T15:46:08.205326,Recv:NF 262.5839,130,-0.006182;
RTP_SERVE,2022-11-14T15:46:10.238885,Recv:NF 264.6171,131,-0.272664;
RTP_SERVE,2022-11-14T15:46:12.322592,Recv:NF 266.6967,132,0.023782;
RTP_SERVE,2022-11-14T15:46:14.195888,Recv:NF 268.5591,133,0.170692;
RTP_SERVE,2022-11-14T15:46:16.139346,Recv:NF 270.5184,134,0.446061;
RTP_SERVE,2022-11-14T15:46:18.253044,Recv:NF 272.6264,135,0.029739;
RTP_SERVE,2022-11-14T15:46:20.236527,Recv:NF 274.6123,136,0.064142;
RTP_SERVE,2022-11-14T15:46:22.109787,Recv:NF 276.4891,137,-0.294463;
RTP_SERVE,2022-11-14T15:46:24.293640,Recv:NF 278.6688,138,0.180801;
RTP_SERVE,2022-11-14T15:46:26.257086,Recv:NF 280.6170,139,0.608406;
RTP_SERVE,2022-11-14T15:46:28.220566,Recv:NF 282.5896,140,0.231761;
RTP_SERVE,2022-11-14T15:46:30.354287,Recv:NF 284.7294,141,0.200395;
RTP_SERVE,2022-11-14T15:46:32.238424,Recv:NF 286.5989,142,-0.166453;
RTP_SERVE,2022-11-14T15:46:34.166432,Recv:NF 288.5381,143,0.079257;
RTP_SERVE,2022-11-14T15:46:36.366590,Recv:NF 290.7386,144,0.063817;
RTP_SERVE,2022-11-14T15:46:38.203365,Recv:NF 292.5753,145,-0.367819;
RTP_SERVE,2022-11-14T15:46:40.217593,Recv:NF 294.5953,146,-0.062778;
RTP_SERVE,2022-11-14T15:46:42.326185,Recv:NF 296.6976,147,0.182671;
RTP_SERVE,2022-11-14T15:46:44.193714,Recv:NF 298.5700,148,-0.193267;
RTP_SERVE,2022-11-14T15:46:46.186007,Recv:NF 300.5655,149,0.115066;
RTP_SERVE,2022-11-14T15:46:48.277741,Recv:NF 302.6538,150,-0.107164;
RTP_SERVE,2022-11-14T15:46:50.115279,Recv:NF 304.4924,151,-0.313197;
RTP_SERVE,2022-11-14T15:46:52.295164,Recv:NF 306.6731,152,-0.207732;
RTP_SERVE,2022-11-14T15:46:54.220675,Recv:NF 308.6050,153,0.168364;
RTP_SERVE,2022-11-14T15:46:56.237570,Recv:NF 310.6112,154,-0.314512;
RTP_SERVE,2022-11-14T15:46:58.269586,Recv:NF 312.6450,155,0.197560;
RTP_SERVE,2022-11-14T15:47:00.274274,Recv:NF 314.6380,156,0.034060;
RTP_SERVE,2022-11-14T15:47:02.232491,Recv:NF 316.6033,157,0.037270;
RTP_SERVE,2022-11-14T15:47:04.214273,Recv:NF 318.5910,158,0.372636;
RTP_SERVE,2022-11-14T15:47:06.249296,Recv:NF 320.6272,159,0.277773;
RTP_SERVE,2022-11-14T15:47:08.267693,Recv:NF 322.6446,160,0.241974;
RTP_SERVE,2022-11-14T15:47:10.235955,Recv:NF 324.6098,161,0.286217;
RTP_SERVE,2022-11-14T15:47:12.246539,Recv:NF 326.6219,162,-0.019399;
RTP_SERVE,2022-11-14T15:47:14.270094,Recv:NF 328.6467,163,-0.278484;
RTP_SERVE,2022-11-14T15:47:16.163558,Recv:NF 330.5380,164,-0.045953;
RTP_SERVE,2022-11-14T15:47:18.237577,Recv:NF 332.6241,165,-0.273995;
RTP_SERVE,2022-11-14T15:47:20.151025,Recv:NF 334.5218,166,0.101582;
RTP_SERVE,2022-11-14T15:47:22.174558,Recv:NF 336.5444,167,0.267281;
RTP_SERVE,2022-11-14T15:47:24.278152,Recv:NF 338.6661,168,-0.061719;
RTP_SERVE,2022-11-14T15:47:26.241472,Recv:NF 340.6261,169,-0.199900;
RTP_SERVE,2022-11-14T15:47:28.154746,Recv:NF 342.5271,170,-0.362417;
RTP_SERVE,2022-11-14T15:47:30.348459,Recv:NF 344.7181,171,0.099852;
RTP_SERVE,2022-11-14T15:47:32.221585,Recv:NF 346.5994,172,0.011053;
RTP_SERVE,2022-11-14T15:47:34.325292,Recv:NF 348.7035,173,0.060259;
RTP_SERVE,2022-11-14T15:47:36.278981,Recv:NF 350.6455,174,0.081829;
RTP_SERVE,2022-11-14T15:47:38.152244,Recv:NF 352.5311,175,0.058901;
RTP_SERVE,2022-11-14T15:47:40.195755,Recv:NF 354.5699,176,-0.311290;
RTP_SERVE,2022-11-14T15:47:42.269344,Recv:NF 356.6324,177,-0.164749;
RTP_SERVE,2022-11-14T15:47:44.192652,Recv:NF 358.5679,178,0.414321;
RTP_SERVE,2022-11-14T15:47:46.176023,Recv:NF 360.5549,179,0.350647;
RTP_SERVE,2022-11-14T15:47:48.329890,Recv:NF 362.7014,180,-0.270630;
RTP_SERVE,2022-11-14T15:47:50.283261,Recv:NF 364.6607,181,0.007044;
RTP_SERVE,2022-11-14T15:47:52.216819,Recv:NF 366.5934,182,0.115498;
RTP_SERVE,2022-11-14T15:47:54.260519,Recv:NF 368.6355,183,-0.006965;
RTP_SERVE,2022-11-14T15:47:56.253985,Recv:NF 370.6323,184,-0.158116;
RTP_SERVE,2022-11-14T15:47:58.267531,Recv:NF 372.6467,185,-0.110185;
RTP_SERVE,2022-11-14T15:48:00.291072,Recv:NF 374.6685,186,-0.072682;
RTP_SERVE,2022-11-14T15:48:02.134261,Recv:NF 376.5107,187,-0.385551;
RTP_SERVE,2022-11-14T15:48:04.238033,Recv:NF 378.6145,188,-0.261383;
RTP_SERVE,2022-11-14T15:48:06.261639,Recv:NF 380.6385,189,-0.343526;
RTP_SERVE,2022-11-14T15:48:08.265144,Recv:NF 382.6395,190,-0.480373;
RTP_SERVE,2022-11-14T15:48:10.268701,Recv:NF 384.6462,191,-0.317326;
RTP_SERVE,2022-11-14T15:48:12.342389,Recv:NF 386.7113,192,-0.086333;
RTP_SERVE,2022-11-14T15:48:14.096496,Recv:NF 388.4803,193,-0.060245;
RTP_SERVE,2022-11-14T15:48:16.079067,Recv:NF 390.4501,194,-0.214620;
RTP_SERVE,2022-11-14T15:48:18.212872,Recv:NF 392.5884,195,0.144668;
RTP_SERVE,2022-11-14T15:48:20.216426,Recv:NF 394.5947,196,0.206686;
RTP_SERVE,2022-11-14T15:48:22.310140,Recv:NF 396.6816,197,-0.171278;
RTP_SERVE,2022-11-14T15:48:24.323656,Recv:NF 398.6997,198,0.108967;
RTP_SERVE,2022-11-14T15:48:26.186965,Recv:NF 400.5521,199,-0.294628;
RTP_SERVE,2022-11-14T15:48:28.160385,Recv:NF 402.5294,200,-0.491999;
RTP_SERVE,2022-11-14T15:48:30.274026,Recv:NF 404.6350,201,-0.411250;
RTP_SERVE,2022-11-14T15:48:32.158219,Recv:NF 406.5302,202,0.350502;
RTP_SERVE,2022-11-14T15:48:34.257079,Recv:NF 408.6185,203,0.540779;
RTP_SERVE,2022-11-14T15:48:36.227057,Recv:NF 410.5977,204,-0.002655;
RTP_SERVE,2022-11-14T15:48:38.164279,Recv:NF 412.5373,205,-0.381545;
RTP_SERVE,2022-11-14T15:48:40.191495,Recv:NF 414.5681,206,-0.023157;
RTP_SERVE,2022-11-14T15:48:42.290264,Recv:NF 416.6621,207,-0.193881;
RTP_SERVE,2022-11-14T15:48:44.215955,Recv:NF 418.6086,208,-0.036345;
RTP_SERVE,2022-11-14T15:48:46.353693,Recv:NF 420.7221,209,-0.372133;
RTP_SERVE,2022-11-14T15:48:48.331340,Recv:NF 422.7083,210,0.229725;
RTP_SERVE,2022-11-14T15:48:50.209440,Recv:NF 424.5844,211,0.276424;
RTP_SERVE,2022-11-14T15:48:52.228138,Recv:NF 426.6058,212,-0.166625;
RTP_SERVE,2022-11-14T15:48:54.363455,Recv:NF 428.7380,213,-0.041874;
RTP_SERVE,2022-11-14T15:48:56.307682,Recv:NF 430.6853,214,0.058692;
RTP_SERVE,2022-11-14T15:48:58.165820,Recv:NF 432.5421,215,-0.294659;
RTP_SERVE,2022-11-14T15:49:00.361744,Recv:NF 434.7334,216,0.187527;
RTP_SERVE,2022-11-14T15:49:02.316116,Recv:NF 436.6903,217,-0.095698;
RTP_SERVE,2022-11-14T15:49:04.224800,Recv:NF 438.6128,218,-0.069656;
RTP_SERVE,2022-11-14T15:49:06.269984,Recv:NF 440.6446,219,0.134445;
RTP_SERVE,2022-11-14T15:49:08.177978,Recv:NF 442.5523,220,0.183051;
RTP_SERVE,2022-11-14T15:49:10.206706,Recv:NF 444.5926,221,0.224506;
RTP_SERVE,2022-11-14T15:49:12.257123,Recv:NF 446.6262,222,0.130266;
RTP_SERVE,2022-11-14T15:49:14.250711,Recv:NF 448.6240,223,0.105704;
RTP_SERVE,2022-11-14T15:49:16.304408,Recv:NF 450.6749,224,-0.347442;
RTP_SERVE,2022-11-14T15:49:18.342886,Recv:NF 452.7107,225,0.248690;
RTP_SERVE,2022-11-14T15:49:20.191297,Recv:NF 454.5673,226,0.266694;
RTP_SERVE,2022-11-14T15:49:22.205178,Recv:NF 456.5846,227,0.334394;
RTP_SERVE,2022-11-14T15:49:24.249049,Recv:NF 458.6235,228,-0.352782;
RTP_SERVE,2022-11-14T15:49:26.272602,Recv:NF 460.6487,229,0.319808;
RTP_SERVE,2022-11-14T15:49:28.256019,Recv:NF 462.6270,230,0.384464;
RTP_SERVE,2022-11-14T15:49:30.259587,Recv:NF 464.6330,231,0.450068;
RTP_SERVE,2022-11-14T15:49:32.383376,Recv:NF 466.7580,232,-0.189906;
RTP_SERVE,2022-11-14T15:49:34.346856,Recv:NF 468.7101,233,0.098694;
RTP_SERVE,2022-11-14T15:49:36.230257,Recv:NF 470.6156,234,0.134058;
RTP_SERVE,2022-11-14T15:49:38.204087,Recv:NF 472.5811,235,-0.052138;
RTP_SERVE,2022-11-14T15:49:40.277845,Recv:NF 474.6549,236,-0.063972;
RTP_SERVE,2022-11-14T15:49:42.181171,Recv:NF 476.5521,237,-0.093560;
RTP_SERVE,2022-11-14T15:49:44.334985,Recv:NF 478.7075,238,-0.308348;
RTP_SERVE,2022-11-14T15:49:46.278533,Recv:NF 480.6646,239,0.160385;
RTP_SERVE,2022-11-14T15:49:48.191876,Recv:NF 482.5704,240,0.519039;
RTP_SERVE,2022-11-14T15:49:50.345682,Recv:NF 484.7110,241,0.009739;
RTP_SERVE,2022-11-14T15:49:52.261875,Recv:NF 486.6557,242,-0.198993;
RTP_SERVE,2022-11-14T15:49:54.240501,Recv:NF 488.6195,243,-0.310913;
RTP_SERVE,2022-11-14T15:49:56.173920,Recv:NF 490.5522,244,-0.238839;
RTP_SERVE,2022-11-14T15:49:58.227499,Recv:NF 492.5995,245,-0.178551;
RTP_SERVE,2022-11-14T15:50:00.341123,Recv:NF 494.7148,246,-0.085366;
RTP_SERVE,2022-11-14T15:50:02.274407,Recv:NF 496.6530,247,0.260859;
RTP_SERVE,2022-11-14T15:50:04.338172,Recv:NF 498.7109,248,0.025721;
RTP_SERVE,2022-11-14T15:50:06.201466,Recv:NF 500.5883,249,0.081879;
RTP_SERVE,2022-11-14T15:50:08.330059,Recv:NF 502.7094,250,-0.094509;
RTP_SERVE,2022-11-14T15:50:10.198345,Recv:NF 504.5731,251,-0.197059;
RTP_SERVE,2022-11-14T15:50:12.281901,Recv:NF 506.6587,252,-0.190075;
RTP_SERVE,2022-11-14T15:50:14.305341,Recv:NF 508.6788,253,-0.031252;
RTP_SERVE,2022-11-14T15:50:16.243724,Recv:NF 510.6292,254,0.037050;
RTP_SERVE,2022-11-14T15:50:18.352826,Recv:NF 512.7347,255,-0.063328;
RTP_SERVE,2022-11-14T15:50:20.316146,Recv:NF 514.6944,256,-0.052491;
RTP_SERVE,2022-11-14T15:50:22.249754,Recv:NF 516.6257,257,0.008673;
RTP_SERVE,2022-11-14T15:50:24.253186,Recv:NF 518.6155,258,-0.023609;
RTP_SERVE,2022-11-14T15:50:26.347017,Recv:NF 520.7169,259,-0.050101;
RTP_SERVE,2022-11-14T15:50:28.350465,Recv:NF 522.7201,260,-0.116246;
RTP_SERVE,2022-11-14T15:50:30.213741,Recv:NF 524.5929,261,-0.252175;
RTP_SERVE,2022-11-14T15:50:32.264844,Recv:NF 526.6722,262,0.137149;
RTP_SERVE,2022-11-14T15:50:32.369202,Send:END_SESSION;
RTP_SERVE,2022-11-14T15:50:33.048597,Recv:IsAlive?;
RTP_SERVE,2022-11-14T15:50:33.108667,Send:Yes.
RTP_SERVE,2022-11-14T15:50:33.178770,Recv:END;
RTP_SERVE,2022-11-14T15:50:48.125554,Recv:IsAlive?;
RTP_SERVE,2022-11-14T15:50:48.170579,Send:Yes.
RTP_SERVE,2022-11-14T15:50:48.215756,Recv:END;
